Arguments: 
  /usr/bin/nodejs /usr/share/yarn/bin/yarn.js install

PATH: 
  /usr/local/bin:/usr/bin:/bin:/usr/local/games:/usr/games

Yarn version: 
  0.16.1

Node version: 
  6.9.1

Platform: 
  linux x64

npm manifest: 
  {
    "name": "branch-transpiler",
    "version": "1.0.0",
    "description": "",
    "main": "build/index-commonjs.js",
    "scripts": {
      "build": "babel src -d build",
    },
    "author": "",
    "license": "ISC",
    "devDependencies": {
      "babel-cli": "^6.18.0",
      "babel-loader": "^6.2.5",
      "babel-preset-es2015": "^6.13.2",
      "eslint": "^3.3.1"
    }
  }

yarn manifest: 
  No manifest

bower manifest: 
  No manifest

Lockfile: 
  No lockfile

Trace: 
  SyntaxError: /home/sauerman/projekte/branch-transpiler/package.json: Unexpected token } in JSON at position 165
      at Object.parse (native)
      at /usr/share/yarn/lib/util/fs.js:271:57
      at next (native)
      at step (/usr/share/yarn/node_modules/babel-runtime/helpers/asyncToGenerator.js:17:30)
      at /usr/share/yarn/node_modules/babel-runtime/helpers/asyncToGenerator.js:28:20
